\BOOKMARK [0][-]{chapter.1}{Introdu\347\343o}{}% 1
\BOOKMARK [1][-]{section.1.1}{Contextualiza\347\343o}{chapter.1}% 2
\BOOKMARK [1][-]{section.1.2}{Situa\347\343o Problema}{chapter.1}% 3
\BOOKMARK [1][-]{section.1.3}{Estado da Arte}{chapter.1}% 4
\BOOKMARK [2][-]{subsection.1.3.1}{Redmine}{section.1.3}% 5
\BOOKMARK [1][-]{section.1.4}{Proposta}{chapter.1}% 6
\BOOKMARK [1][-]{section.1.5}{Organiza\347\343o do trabalho}{chapter.1}% 7
\BOOKMARK [2][-]{subsection.1.5.1}{Objetivos}{section.1.5}% 8
\BOOKMARK [2][-]{subsection.1.5.2}{Metodologia}{section.1.5}% 9
\BOOKMARK [3][-]{subsubsection.1.5.2.1}{Procedimentos}{subsection.1.5.2}% 10
\BOOKMARK [3][-]{subsubsection.1.5.2.2}{Abordagem da Situa\347\343o Problema}{subsection.1.5.2}% 11
\BOOKMARK [2][-]{subsection.1.5.3}{Motiva\347\343o}{section.1.5}% 12
\BOOKMARK [0][-]{chapter.2}{SiMate}{}% 13
\BOOKMARK [1][-]{section.2.1}{Elicita\347\343o de Requisitos}{chapter.2}% 14
\BOOKMARK [2][-]{subsection.2.1.1}{Regras de Neg\363cio}{section.2.1}% 15
\BOOKMARK [2][-]{subsection.2.1.2}{Requisitos Funcionais}{section.2.1}% 16
\BOOKMARK [2][-]{subsection.2.1.3}{Requisitos N\343o-Funcionais}{section.2.1}% 17
\BOOKMARK [1][-]{section.2.2}{Especifica\347\343o de Casos de Uso}{chapter.2}% 18
\BOOKMARK [2][-]{subsection.2.2.1}{Atores}{section.2.2}% 19
\BOOKMARK [3][-]{subsubsection.2.2.1.1}{Administrador}{subsection.2.2.1}% 20
\BOOKMARK [3][-]{subsubsection.2.2.1.2}{Setor de Materiais}{subsection.2.2.1}% 21
\BOOKMARK [3][-]{subsubsection.2.2.1.3}{Gen\351rico}{subsection.2.2.1}% 22
\BOOKMARK [2][-]{subsection.2.2.2}{Casos de Uso}{section.2.2}% 23
\BOOKMARK [1][-]{section.2.3}{Projeto de Interface}{chapter.2}% 24
\BOOKMARK [1][-]{section.2.4}{Arquitetura}{chapter.2}% 25
\BOOKMARK [0][-]{chapter.3}{Cronograma}{}% 26
\BOOKMARK [0][-]{chapter.3}{Refer\352ncias}{}% 27
