\BOOKMARK [0][-]{chapter.1}{Introdu\347\343o}{}% 1
\BOOKMARK [1][-]{section.1.1}{Motiva\347\343o}{chapter.1}% 2
\BOOKMARK [1][-]{section.1.2}{Contextualiza\347\343o}{chapter.1}% 3
\BOOKMARK [1][-]{section.1.3}{Situa\347\343o Problema}{chapter.1}% 4
\BOOKMARK [1][-]{section.1.4}{Estado da Arte}{chapter.1}% 5
\BOOKMARK [2][-]{subsection.1.4.1}{Redmine}{section.1.4}% 6
\BOOKMARK [2][-]{subsection.1.4.2}{Softwares baseados em Kanban}{section.1.4}% 7
\BOOKMARK [1][-]{section.1.5}{Estrutura da Monografia}{chapter.1}% 8
\BOOKMARK [0][-]{chapter.2}{Gema: Gest\343o de Produ\347\343o Multim\355dia}{}% 9
\BOOKMARK [1][-]{section.2.1}{Elicita\347\343o de Requisitos}{chapter.2}% 10
\BOOKMARK [2][-]{subsection.2.1.1}{Regras de Neg\363cio}{section.2.1}% 11
\BOOKMARK [2][-]{subsection.2.1.2}{Requisitos Funcionais}{section.2.1}% 12
\BOOKMARK [2][-]{subsection.2.1.3}{Requisitos N\343o-Funcionais}{section.2.1}% 13
\BOOKMARK [1][-]{section.2.2}{Projeto de Interface}{chapter.2}% 14
\BOOKMARK [1][-]{section.2.3}{Arquitetura}{chapter.2}% 15
\BOOKMARK [2][-]{subsection.2.3.1}{Framework IMDev}{section.2.3}% 16
\BOOKMARK [2][-]{subsection.2.3.2}{C\363digo Fonte}{section.2.3}% 17
\BOOKMARK [1][-]{section.2.4}{Usando o Gema}{chapter.2}% 18
\BOOKMARK [2][-]{subsection.2.4.1}{Perfis de Navega\347\343o}{section.2.4}% 19
\BOOKMARK [2][-]{subsection.2.4.2}{Gerenciando o Gema}{section.2.4}% 20
\BOOKMARK [3][-]{subsubsection.2.4.2.1}{Tipos de Artefato}{subsection.2.4.2}% 21
\BOOKMARK [3][-]{subsubsection.2.4.2.2}{Disciplinas}{subsection.2.4.2}% 22
\BOOKMARK [3][-]{subsubsection.2.4.2.3}{M\363dulos}{subsection.2.4.2}% 23
\BOOKMARK [3][-]{subsubsection.2.4.2.4}{Etapas}{subsection.2.4.2}% 24
\BOOKMARK [3][-]{subsubsection.2.4.2.5}{Fluxos}{subsection.2.4.2}% 25
\BOOKMARK [3][-]{subsubsection.2.4.2.6}{Ofertas}{subsection.2.4.2}% 26
\BOOKMARK [2][-]{subsection.2.4.3}{Produzindo Materiais Multim\355dia}{section.2.4}% 27
\BOOKMARK [3][-]{subsubsection.2.4.3.1}{Iniciando o Fluxo de Produ\347\343o}{subsection.2.4.3}% 28
\BOOKMARK [3][-]{subsubsection.2.4.3.2}{Realizando Etapas do Fluxo de Produ\347\343o}{subsection.2.4.3}% 29
\BOOKMARK [3][-]{subsubsection.2.4.3.3}{Finalizando o Fluxo de Produ\347\343o}{subsection.2.4.3}% 30
\BOOKMARK [1][-]{section.2.5}{Valida\347\343o}{chapter.2}% 31
\BOOKMARK [2][-]{subsection.2.5.1}{Product Backlog}{section.2.5}% 32
\BOOKMARK [2][-]{subsection.2.5.2}{Sprint Backlog}{section.2.5}% 33
\BOOKMARK [2][-]{subsection.2.5.3}{Reuni\365es Presenciais}{section.2.5}% 34
\BOOKMARK [0][-]{chapter.3}{Conclus\365es}{}% 35
\BOOKMARK [1][-]{section.3.1}{Considera\347\365es e Conclus\365es}{chapter.3}% 36
\BOOKMARK [1][-]{section.3.2}{Trabalhos Futuros}{chapter.3}% 37
